<?xml version="1.0" encoding="UTF-8"?>
<!-- Generated by org.testng.reporters.JUnitReportReporter -->
<testsuite hostname="LAPTOP-EJ5UDG98" failures="0" tests="1" name="com.sdet.automationcoadingchallenge.testcases.ProductTest" time="124.804" errors="0" timestamp="2022-04-23T14:23:44 IST" skipped="0">
  <testcase classname="com.sdet.automationcoadingchallenge.testcases.ProductTest" name="homePageTest" time="124.804"/>
  <system-out/>
</testsuite> <!-- com.sdet.automationcoadingchallenge.testcases.ProductTest -->
